<?xml version="1.0" encoding="utf-8" standalone="no"?>
<!--This file represents the results of running a test suite-->
<test-results name="D:\w\Discgolf\dgt2015\DGTMVC4\DGTMVC4.nunit" total="0" errors="0" failures="0" not-run="1" inconclusive="0" ignored="1" skipped="0" invalid="0" date="2015-04-15" time="00:59:00">
  <environment nunit-version="2.6.4.14350" clr-version="2.0.50727.8009" os-version="Microsoft Windows NT 6.2.9200.0" platform="Win32NT" cwd="C:\Program Files (x86)\NUnit 2.6.4\bin" machine-name="BYGDE42" user="peterbygde" user-domain="BYGDE42" />
  <culture-info current-culture="sv-SE" current-uiculture="sv-SE" />
  <test-suite type="Project" name="D:\w\Discgolf\dgt2015\DGTMVC4\DGTMVC4.nunit" executed="True" result="Inconclusive" success="False" time="0.003" asserts="0">
    <results>
      <test-suite type="Assembly" name="D:\w\Discgolf\dgt2015\DGTMVC4\bin\DGTMVC4.dll" executed="True" result="Inconclusive" success="False" time="0.002" asserts="0">
        <results>
          <test-suite type="Namespace" name="DGTMVC4" executed="True" result="Inconclusive" success="False" time="0.002" asserts="0">
            <results>
              <test-suite type="Namespace" name="NHibernate" executed="True" result="Inconclusive" success="False" time="0.002" asserts="0">
                <results>
                  <test-suite type="TestFixture" name="NHibernateFactoryTest" executed="True" result="Inconclusive" success="False" time="0.001" asserts="0">
                    <results>
                      <test-case name="DGTMVC4.NHibernate.NHibernateFactoryTest.Create_Tour_2015_With_Competitions" executed="False" result="Ignored">
                        <reason>
                          <message><![CDATA[]]></message>
                        </reason>
                      </test-case>
                    </results>
                  </test-suite>
                </results>
              </test-suite>
            </results>
          </test-suite>
        </results>
      </test-suite>
    </results>
  </test-suite>
</test-results>